<?xml version="1.0" encoding="UTF-8"?>
<!-- Generated by org.testng.reporters.JUnitXMLReporter -->
<testsuite hostname="linux-ThinkPad-E460" ignored="4" name="dynamic test" tests="8" failures="2" timestamp="06 Jul 2018 10:19:45 GMT" time="48.679" errors="0">
  <testcase name="checkBoxAll" time="0.934" classname="cases.CheckBoxCase"/>
  <testcase name="checkBoxNone" time="0.11" classname="cases.CheckBoxCase"/>
  <testcase name="checkBoxOneThree" time="0.601" classname="cases.CheckBoxCase"/>
  <testcase name="checkBoxOneTwo" time="12.174" classname="cases.CheckBoxCase"/>
  <testcase name="checkBoxTwoThree" time="0.594" classname="cases.CheckBoxCase"/>
  <testcase name="intentionalFailcheckBox" time="0.768" classname="cases.CheckBoxCase">
    <failure type="java.lang.AssertionError">
      <![CDATA[java.lang.AssertionError
at org.junit.Assert.fail(Assert.java:86)
at org.junit.Assert.assertTrue(Assert.java:41)
at org.junit.Assert.assertTrue(Assert.java:52)
at cases.CheckBoxCase.intentionalFailcheckBox(CheckBoxCase.java:58)
at GrandpaBless.main(GrandpaBless.java:74)
... Removed 22 stack frames]]>
    </failure>
  </testcase> <!-- intentionalFailcheckBox -->
  <testcase name="intentionalFailTextField" time="0.227" classname="cases.TextFieldCase">
    <failure type="java.lang.AssertionError" message="expected [This should fail] but found [Please fail]">
      <![CDATA[java.lang.AssertionError: expected [This should fail] but found [Please fail]
at cases.TextFieldCase.intentionalFailTextField(TextFieldCase.java:31)
at GrandpaBless.main(GrandpaBless.java:74)
... Removed 28 stack frames]]>
    </failure>
  </testcase> <!-- intentionalFailTextField -->
  <testcase name="testTextField" time="19.58" classname="cases.TextFieldCase"/>
  <testcase name="@BeforeSuite beforeSuite" time="0.0" classname="cases.PapaBless">
    <ignored/>
  </testcase> <!-- @BeforeSuite beforeSuite -->
  <testcase name="@BeforeTest beforeTest" time="0.0" classname="cases.PapaBless">
    <ignored/>
  </testcase> <!-- @BeforeTest beforeTest -->
  <testcase name="@AfterSuite afterSuite" time="0.0" classname="cases.PapaBless">
    <ignored/>
  </testcase> <!-- @AfterSuite afterSuite -->
  <testcase name="@AfterTest afterTest" time="0.0" classname="cases.PapaBless">
    <ignored/>
  </testcase> <!-- @AfterTest afterTest -->
</testsuite> <!-- dynamic test -->
