<?xml version="1.0" encoding="UTF-8"?>
<!-- Generated by org.testng.reporters.JUnitXMLReporter -->
<testsuite hostname="ThinkPadE460" ignored="2" name="cases" tests="4" failures="2" timestamp="11 Oct 2017 00:12:13 GMT" time="4.953" errors="0">
  <testcase name="@BeforeMethod goToHTML5Page" time="0.059" classname="cases.BaseCase">
    <failure type="org.openqa.selenium.NoSuchElementException" message="Unable to locate element: //a[@href=&amp;apos;/html5&amp;apos;]
For documentation on this error, please visit: http://seleniumhq.org/exceptions/no_such_element.html
Build info: version: &amp;apos;unknown&amp;apos;, revision: &amp;apos;unknown&amp;apos;, time: &amp;apos;unknown&amp;apos;
System info: host: &amp;apos;THINKPADE460&amp;apos;, ip: &amp;apos;192.168.0.17&amp;apos;, os.name: &amp;apos;Windows 7&amp;apos;, os.arch: &amp;apos;amd64&amp;apos;, os.version: &amp;apos;6.1&amp;apos;, java.version: &amp;apos;1.8.0_144&amp;apos;
Driver info: org.openqa.selenium.firefox.FirefoxDriver
Capabilities [{moz:profile=C:\Users\Richard\AppData\Local\Temp\rust_mozprofile.HFY7Qg60cpb9, rotatable=false, timeouts={implicit=0, pageLoad=300000, script=30000}, pageLoadStrategy=normal, moz:headless=false, platform=XP, specificationLevel=0, moz:accessibilityChecks=false, acceptInsecureCerts=false, browserVersion=56.0, platformVersion=6.1, moz:processID=4912, browserName=firefox, javascriptEnabled=true, platformName=XP}]
Session ID: fe112538-1b62-4639-ae01-27a6c4a1348f
*** Element info: {Using=xpath, value=//a[@href=&amp;apos;/html5&amp;apos;]}">
      <![CDATA[org.openqa.selenium.NoSuchElementException: Unable to locate element: //a[@href='/html5']
For documentation on this error, please visit: http://seleniumhq.org/exceptions/no_such_element.html
Build info: version: 'unknown', revision: 'unknown', time: 'unknown'
System info: host: 'THINKPADE460', ip: '192.168.0.17', os.name: 'Windows 7', os.arch: 'amd64', os.version: '6.1', java.version: '1.8.0_144'
Driver info: org.openqa.selenium.firefox.FirefoxDriver
Capabilities [{moz:profile=C:\Users\Richard\AppData\Local\Temp\rust_mozprofile.HFY7Qg60cpb9, rotatable=false, timeouts={implicit=0, pageLoad=300000, script=30000}, pageLoadStrategy=normal, moz:headless=false, platform=XP, specificationLevel=0, moz:accessibilityChecks=false, acceptInsecureCerts=false, browserVersion=56.0, platformVersion=6.1, moz:processID=4912, browserName=firefox, javascriptEnabled=true, platformName=XP}]
Session ID: fe112538-1b62-4639-ae01-27a6c4a1348f
*** Element info: {Using=xpath, value=//a[@href='/html5']}
	at org.openqa.selenium.remote.http.W3CHttpResponseCodec.createException(W3CHttpResponseCodec.java:185)
	at org.openqa.selenium.remote.http.W3CHttpResponseCodec.decode(W3CHttpResponseCodec.java:120)
	at org.openqa.selenium.remote.http.W3CHttpResponseCodec.decode(W3CHttpResponseCodec.java:49)
	at org.openqa.selenium.remote.HttpCommandExecutor.execute(HttpCommandExecutor.java:164)
	at org.openqa.selenium.remote.service.DriverCommandExecutor.execute(DriverCommandExecutor.java:82)
	at org.openqa.selenium.remote.RemoteWebDriver.execute(RemoteWebDriver.java:646)
	at org.openqa.selenium.remote.RemoteWebDriver.findElement(RemoteWebDriver.java:416)
	at org.openqa.selenium.remote.RemoteWebDriver.findElementByXPath(RemoteWebDriver.java:518)
	at org.openqa.selenium.By$ByXPath.findElement(By.java:361)
	at org.openqa.selenium.remote.RemoteWebDriver.findElement(RemoteWebDriver.java:408)
	at cases.BaseCase.goToHTML5Page(BaseCase.java:44)
... Removed 31 stack frames]]>
    </failure>
  </testcase> <!-- @BeforeMethod goToHTML5Page -->
  <testcase name="@BeforeMethod goToHTML5Page" time="0.0" classname="cases.BaseCase">
    <skipped/>
  </testcase> <!-- @BeforeMethod goToHTML5Page -->
  <testcase name="@AfterTest closeBrowser" time="0.0" classname="cases.BaseCase">
    <skipped/>
  </testcase> <!-- @AfterTest closeBrowser -->
  <testcase name="testTextField" time="1.062" classname="cases.textFieldCase">
    <failure type="java.lang.AssertionError" message="expected [It&amp;apos;s just a prank, bro.] but found [by b0ss, can i habe de poosi pls?]">
      <![CDATA[java.lang.AssertionError: expected [It's just a prank, bro.] but found [by b0ss, can i habe de poosi pls?]
	at cases.textFieldCase.testTextField(textFieldCase.java:22)
... Removed 31 stack frames]]>
    </failure>
  </testcase> <!-- testTextField -->
  <testcase name="checkBoxAll" time="0.0" classname="cases.checkBoxCase">
    <skipped/>
  </testcase> <!-- checkBoxAll -->
  <testcase name="checkBoxNone" time="0.0" classname="cases.checkBoxCase">
    <skipped/>
  </testcase> <!-- checkBoxNone -->
  <testcase name="checkBoxNone" time="0.014" classname="cases.checkBoxCase">
    <failure type="org.openqa.selenium.SessionNotCreatedException" message="Tried to run command without establishing a connection
Build info: version: &amp;apos;unknown&amp;apos;, revision: &amp;apos;unknown&amp;apos;, time: &amp;apos;unknown&amp;apos;
System info: host: &amp;apos;THINKPADE460&amp;apos;, ip: &amp;apos;192.168.0.17&amp;apos;, os.name: &amp;apos;Windows 7&amp;apos;, os.arch: &amp;apos;amd64&amp;apos;, os.version: &amp;apos;6.1&amp;apos;, java.version: &amp;apos;1.8.0_144&amp;apos;
Driver info: org.openqa.selenium.firefox.FirefoxDriver
Capabilities [{moz:profile=C:\Users\Richard\AppData\Local\Temp\rust_mozprofile.HFY7Qg60cpb9, rotatable=false, timeouts={implicit=0, pageLoad=300000, script=30000}, pageLoadStrategy=normal, moz:headless=false, platform=XP, specificationLevel=0, moz:accessibilityChecks=false, acceptInsecureCerts=false, browserVersion=56.0, platformVersion=6.1, moz:processID=4912, browserName=firefox, javascriptEnabled=true, platformName=XP}]
Session ID: fe112538-1b62-4639-ae01-27a6c4a1348f">
      <![CDATA[org.openqa.selenium.SessionNotCreatedException: Tried to run command without establishing a connection
Build info: version: 'unknown', revision: 'unknown', time: 'unknown'
System info: host: 'THINKPADE460', ip: '192.168.0.17', os.name: 'Windows 7', os.arch: 'amd64', os.version: '6.1', java.version: '1.8.0_144'
Driver info: org.openqa.selenium.firefox.FirefoxDriver
Capabilities [{moz:profile=C:\Users\Richard\AppData\Local\Temp\rust_mozprofile.HFY7Qg60cpb9, rotatable=false, timeouts={implicit=0, pageLoad=300000, script=30000}, pageLoadStrategy=normal, moz:headless=false, platform=XP, specificationLevel=0, moz:accessibilityChecks=false, acceptInsecureCerts=false, browserVersion=56.0, platformVersion=6.1, moz:processID=4912, browserName=firefox, javascriptEnabled=true, platformName=XP}]
Session ID: fe112538-1b62-4639-ae01-27a6c4a1348f
	at org.openqa.selenium.remote.http.W3CHttpResponseCodec.createException(W3CHttpResponseCodec.java:185)
	at org.openqa.selenium.remote.http.W3CHttpResponseCodec.decode(W3CHttpResponseCodec.java:120)
	at org.openqa.selenium.remote.http.W3CHttpResponseCodec.decode(W3CHttpResponseCodec.java:49)
	at org.openqa.selenium.remote.HttpCommandExecutor.execute(HttpCommandExecutor.java:164)
	at org.openqa.selenium.remote.service.DriverCommandExecutor.execute(DriverCommandExecutor.java:82)
	at org.openqa.selenium.remote.RemoteWebDriver.execute(RemoteWebDriver.java:646)
	at org.openqa.selenium.remote.RemoteWebDriver.execute(RemoteWebDriver.java:703)
	at org.openqa.selenium.remote.RemoteWebDriver.getScreenshotAs(RemoteWebDriver.java:388)
	at cases.TestListener.onTestSkipped(TestListener.java:52)
... Removed 27 stack frames]]>
    </failure>
  </testcase> <!-- checkBoxNone -->
  <testcase name="@BeforeTest startBrowser" time="0.0" classname="cases.BaseCase">
    <ignored/>
  </testcase> <!-- @BeforeTest startBrowser -->
  <testcase name="@AfterTest closeBrowser" time="0.0" classname="cases.BaseCase">
    <ignored/>
  </testcase> <!-- @AfterTest closeBrowser -->
</testsuite> <!-- cases -->
