<?xml version="1.0" encoding="UTF-8"?>
<!-- Generated by org.testng.reporters.JUnitXMLReporter -->
<testsuite hostname="ThinkPadE460" ignored="6" name="checkBox and radioButton" tests="25" failures="11" timestamp="11 Oct 2017 17:23:46 GMT" time="10.932" errors="0">
  <testcase name="@BeforeMethod goToHTML5Page" time="0.189" classname="cases.BaseCase">
    <failure type="org.openqa.selenium.NoSuchElementException" message="Unable to locate element: //a[@href=&amp;apos;/html5&amp;apos;]
For documentation on this error, please visit: http://seleniumhq.org/exceptions/no_such_element.html
Build info: version: &amp;apos;unknown&amp;apos;, revision: &amp;apos;unknown&amp;apos;, time: &amp;apos;unknown&amp;apos;
System info: host: &amp;apos;THINKPADE460&amp;apos;, ip: &amp;apos;172.20.2.71&amp;apos;, os.name: &amp;apos;Windows 7&amp;apos;, os.arch: &amp;apos;amd64&amp;apos;, os.version: &amp;apos;6.1&amp;apos;, java.version: &amp;apos;1.8.0_144&amp;apos;
Driver info: org.openqa.selenium.firefox.FirefoxDriver
Capabilities [{moz:profile=C:\Users\Richard\AppData\Local\Temp\rust_mozprofile.7tJYwQkH1iNv, rotatable=false, timeouts={implicit=0, pageLoad=300000, script=30000}, pageLoadStrategy=normal, moz:headless=false, platform=XP, specificationLevel=0, moz:accessibilityChecks=false, acceptInsecureCerts=false, browserVersion=56.0, platformVersion=6.1, moz:processID=13184, browserName=firefox, javascriptEnabled=true, platformName=XP}]
Session ID: 4984cc31-728d-4bca-9b6a-aa24e35c001c
*** Element info: {Using=xpath, value=//a[@href=&amp;apos;/html5&amp;apos;]}">
      <![CDATA[org.openqa.selenium.NoSuchElementException: Unable to locate element: //a[@href='/html5']
For documentation on this error, please visit: http://seleniumhq.org/exceptions/no_such_element.html
Build info: version: 'unknown', revision: 'unknown', time: 'unknown'
System info: host: 'THINKPADE460', ip: '172.20.2.71', os.name: 'Windows 7', os.arch: 'amd64', os.version: '6.1', java.version: '1.8.0_144'
Driver info: org.openqa.selenium.firefox.FirefoxDriver
Capabilities [{moz:profile=C:\Users\Richard\AppData\Local\Temp\rust_mozprofile.7tJYwQkH1iNv, rotatable=false, timeouts={implicit=0, pageLoad=300000, script=30000}, pageLoadStrategy=normal, moz:headless=false, platform=XP, specificationLevel=0, moz:accessibilityChecks=false, acceptInsecureCerts=false, browserVersion=56.0, platformVersion=6.1, moz:processID=13184, browserName=firefox, javascriptEnabled=true, platformName=XP}]
Session ID: 4984cc31-728d-4bca-9b6a-aa24e35c001c
*** Element info: {Using=xpath, value=//a[@href='/html5']}
	at org.openqa.selenium.remote.http.W3CHttpResponseCodec.createException(W3CHttpResponseCodec.java:185)
	at org.openqa.selenium.remote.http.W3CHttpResponseCodec.decode(W3CHttpResponseCodec.java:120)
	at org.openqa.selenium.remote.http.W3CHttpResponseCodec.decode(W3CHttpResponseCodec.java:49)
	at org.openqa.selenium.remote.HttpCommandExecutor.execute(HttpCommandExecutor.java:164)
	at org.openqa.selenium.remote.service.DriverCommandExecutor.execute(DriverCommandExecutor.java:82)
	at org.openqa.selenium.remote.RemoteWebDriver.execute(RemoteWebDriver.java:646)
	at org.openqa.selenium.remote.RemoteWebDriver.findElement(RemoteWebDriver.java:416)
	at org.openqa.selenium.remote.RemoteWebDriver.findElementByXPath(RemoteWebDriver.java:518)
	at org.openqa.selenium.By$ByXPath.findElement(By.java:361)
	at org.openqa.selenium.remote.RemoteWebDriver.findElement(RemoteWebDriver.java:408)
	at cases.BaseCase.goToHTML5Page(BaseCase.java:44)
... Removed 31 stack frames]]>
    </failure>
  </testcase> <!-- @BeforeMethod goToHTML5Page -->
  <testcase name="@BeforeMethod goToHTML5Page" time="0.0" classname="cases.BaseCase">
    <skipped/>
  </testcase> <!-- @BeforeMethod goToHTML5Page -->
  <testcase name="@BeforeMethod goToHTML5Page" time="0.0" classname="cases.BaseCase">
    <skipped/>
  </testcase> <!-- @BeforeMethod goToHTML5Page -->
  <testcase name="@BeforeMethod goToHTML5Page" time="0.0" classname="cases.BaseCase">
    <skipped/>
  </testcase> <!-- @BeforeMethod goToHTML5Page -->
  <testcase name="@BeforeMethod goToHTML5Page" time="0.0" classname="cases.BaseCase">
    <skipped/>
  </testcase> <!-- @BeforeMethod goToHTML5Page -->
  <testcase name="@BeforeMethod goToHTML5Page" time="0.0" classname="cases.BaseCase">
    <skipped/>
  </testcase> <!-- @BeforeMethod goToHTML5Page -->
  <testcase name="@BeforeMethod goToHTML5Page" time="0.0" classname="cases.BaseCase">
    <skipped/>
  </testcase> <!-- @BeforeMethod goToHTML5Page -->
  <testcase name="@BeforeMethod goToHTML5Page" time="0.0" classname="cases.BaseCase">
    <skipped/>
  </testcase> <!-- @BeforeMethod goToHTML5Page -->
  <testcase name="@BeforeMethod goToHTML5Page" time="0.0" classname="cases.BaseCase">
    <skipped/>
  </testcase> <!-- @BeforeMethod goToHTML5Page -->
  <testcase name="@BeforeMethod goToHTML5Page" time="0.0" classname="cases.BaseCase">
    <skipped/>
  </testcase> <!-- @BeforeMethod goToHTML5Page -->
  <testcase name="@AfterTest afterTestCringeAdventure" time="0.0" classname="cases.BaseCase">
    <skipped/>
  </testcase> <!-- @AfterTest afterTestCringeAdventure -->
  <testcase name="checkBoxAll" time="1.079" classname="cases.checkBoxCase"/>
  <testcase name="checkBoxNone" time="0.298" classname="cases.checkBoxCase"/>
  <testcase name="checkBoxOneThree" time="0.703" classname="cases.checkBoxCase">
    <failure type="java.lang.AssertionError">
      <![CDATA[java.lang.AssertionError
	at org.junit.Assert.fail(Assert.java:86)
	at org.junit.Assert.assertTrue(Assert.java:41)
	at org.junit.Assert.assertTrue(Assert.java:52)
	at cases.checkBoxCase.checkBoxOneThree(checkBoxCase.java:51)
... Removed 25 stack frames]]>
    </failure>
  </testcase> <!-- checkBoxOneThree -->
  <testcase name="checkBoxOneTwo" time="0.796" classname="cases.checkBoxCase"/>
  <testcase name="checkBoxTwoThree" time="0.795" classname="cases.checkBoxCase"/>
  <testcase name="radioChoiceA" time="0.0" classname="cases.radioButtonCase">
    <skipped/>
  </testcase> <!-- radioChoiceA -->
  <testcase name="radioChoiceA" time="0.22" classname="cases.radioButtonCase">
    <failure type="java.lang.ClassCastException" message="cases.radioButtonCase cannot be cast to cases.checkBoxCase">
      <![CDATA[java.lang.ClassCastException: cases.radioButtonCase cannot be cast to cases.checkBoxCase
	at cases.TestListener.onTestSkipped(TestListener.java:50)
... Removed 23 stack frames]]>
    </failure>
  </testcase> <!-- radioChoiceA -->
  <testcase name="radioChoiceB" time="0.0" classname="cases.radioButtonCase">
    <skipped/>
  </testcase> <!-- radioChoiceB -->
  <testcase name="radioChoiceB" time="0.0" classname="cases.radioButtonCase">
    <failure type="java.lang.ClassCastException" message="cases.radioButtonCase cannot be cast to cases.checkBoxCase">
      <![CDATA[java.lang.ClassCastException: cases.radioButtonCase cannot be cast to cases.checkBoxCase
	at cases.TestListener.onTestSkipped(TestListener.java:50)
... Removed 23 stack frames]]>
    </failure>
  </testcase> <!-- radioChoiceB -->
  <testcase name="radioChoiceC" time="0.0" classname="cases.radioButtonCase">
    <skipped/>
  </testcase> <!-- radioChoiceC -->
  <testcase name="radioChoiceC" time="0.0" classname="cases.radioButtonCase">
    <failure type="java.lang.ClassCastException" message="cases.radioButtonCase cannot be cast to cases.checkBoxCase">
      <![CDATA[java.lang.ClassCastException: cases.radioButtonCase cannot be cast to cases.checkBoxCase
	at cases.TestListener.onTestSkipped(TestListener.java:50)
... Removed 23 stack frames]]>
    </failure>
  </testcase> <!-- radioChoiceC -->
  <testcase name="radioDefault" time="0.0" classname="cases.radioButtonCase">
    <skipped/>
  </testcase> <!-- radioDefault -->
  <testcase name="radioDefault" time="0.016" classname="cases.radioButtonCase">
    <failure type="java.lang.ClassCastException" message="cases.radioButtonCase cannot be cast to cases.checkBoxCase">
      <![CDATA[java.lang.ClassCastException: cases.radioButtonCase cannot be cast to cases.checkBoxCase
	at cases.TestListener.onTestSkipped(TestListener.java:50)
... Removed 23 stack frames]]>
    </failure>
  </testcase> <!-- radioDefault -->
  <testcase name="dropDownDefault" time="0.0" classname="cases.dropDownCase">
    <skipped/>
  </testcase> <!-- dropDownDefault -->
  <testcase name="dropDownDefault" time="0.0" classname="cases.dropDownCase">
    <failure type="java.lang.ClassCastException" message="cases.dropDownCase cannot be cast to cases.checkBoxCase">
      <![CDATA[java.lang.ClassCastException: cases.dropDownCase cannot be cast to cases.checkBoxCase
	at cases.TestListener.onTestSkipped(TestListener.java:50)
... Removed 23 stack frames]]>
    </failure>
  </testcase> <!-- dropDownDefault -->
  <testcase name="dropDownMustard" time="0.0" classname="cases.dropDownCase">
    <skipped/>
  </testcase> <!-- dropDownMustard -->
  <testcase name="dropDownMustard" time="0.0" classname="cases.dropDownCase">
    <failure type="java.lang.ClassCastException" message="cases.dropDownCase cannot be cast to cases.checkBoxCase">
      <![CDATA[java.lang.ClassCastException: cases.dropDownCase cannot be cast to cases.checkBoxCase
	at cases.TestListener.onTestSkipped(TestListener.java:50)
... Removed 23 stack frames]]>
    </failure>
  </testcase> <!-- dropDownMustard -->
  <testcase name="dropDownOnion" time="0.0" classname="cases.dropDownCase">
    <skipped/>
  </testcase> <!-- dropDownOnion -->
  <testcase name="dropDownOnion" time="0.0" classname="cases.dropDownCase">
    <failure type="java.lang.ClassCastException" message="cases.dropDownCase cannot be cast to cases.checkBoxCase">
      <![CDATA[java.lang.ClassCastException: cases.dropDownCase cannot be cast to cases.checkBoxCase
	at cases.TestListener.onTestSkipped(TestListener.java:50)
... Removed 23 stack frames]]>
    </failure>
  </testcase> <!-- dropDownOnion -->
  <testcase name="dropDownTomato" time="0.0" classname="cases.dropDownCase">
    <skipped/>
  </testcase> <!-- dropDownTomato -->
  <testcase name="dropDownTomato" time="0.0" classname="cases.dropDownCase">
    <failure type="java.lang.ClassCastException" message="cases.dropDownCase cannot be cast to cases.checkBoxCase">
      <![CDATA[java.lang.ClassCastException: cases.dropDownCase cannot be cast to cases.checkBoxCase
	at cases.TestListener.onTestSkipped(TestListener.java:50)
... Removed 23 stack frames]]>
    </failure>
  </testcase> <!-- dropDownTomato -->
  <testcase name="textAreaLongString" time="0.0" classname="cases.textAreaCase">
    <skipped/>
  </testcase> <!-- textAreaLongString -->
  <testcase name="textAreaLongString" time="0.0" classname="cases.textAreaCase">
    <failure type="java.lang.ClassCastException" message="cases.textAreaCase cannot be cast to cases.checkBoxCase">
      <![CDATA[java.lang.ClassCastException: cases.textAreaCase cannot be cast to cases.checkBoxCase
	at cases.TestListener.onTestSkipped(TestListener.java:50)
... Removed 23 stack frames]]>
    </failure>
  </testcase> <!-- textAreaLongString -->
  <testcase name="textAreaWithEnter" time="0.0" classname="cases.textAreaCase">
    <skipped/>
  </testcase> <!-- textAreaWithEnter -->
  <testcase name="textAreaWithEnter" time="0.0" classname="cases.textAreaCase">
    <failure type="java.lang.ClassCastException" message="cases.textAreaCase cannot be cast to cases.checkBoxCase">
      <![CDATA[java.lang.ClassCastException: cases.textAreaCase cannot be cast to cases.checkBoxCase
	at cases.TestListener.onTestSkipped(TestListener.java:50)
... Removed 23 stack frames]]>
    </failure>
  </testcase> <!-- textAreaWithEnter -->
  <testcase name="@AfterTest afterTestCringeAdventure" time="0.0" classname="cases.BaseCase">
    <ignored/>
  </testcase> <!-- @AfterTest afterTestCringeAdventure -->
  <testcase name="@AfterTest afterTestCringeAdventure" time="0.0" classname="cases.BaseCase">
    <ignored/>
  </testcase> <!-- @AfterTest afterTestCringeAdventure -->
  <testcase name="@AfterTest afterTestCringeAdventure" time="0.0" classname="cases.BaseCase">
    <ignored/>
  </testcase> <!-- @AfterTest afterTestCringeAdventure -->
  <testcase name="@BeforeTest startBrowser" time="0.0" classname="cases.BaseCase">
    <ignored/>
  </testcase> <!-- @BeforeTest startBrowser -->
  <testcase name="@BeforeTest startBrowser" time="0.0" classname="cases.BaseCase">
    <ignored/>
  </testcase> <!-- @BeforeTest startBrowser -->
  <testcase name="@BeforeTest startBrowser" time="0.0" classname="cases.BaseCase">
    <ignored/>
  </testcase> <!-- @BeforeTest startBrowser -->
</testsuite> <!-- checkBox and radioButton -->
