<?xml version="1.0" encoding="UTF-8"?>
<!-- Generated by org.testng.reporters.JUnitXMLReporter -->
<testsuite hostname="linux-ThinkPad-E460" ignored="4" name="dynamic test 1" tests="8" failures="2" timestamp="25 Jul 2018 03:52:09 GMT" time="7.173" errors="0">
  <testcase name="checkBoxAll" time="0.335" classname="cases.CheckBoxCase"/>
  <testcase name="checkBoxNone" time="0.11" classname="cases.CheckBoxCase"/>
  <testcase name="checkBoxOneThree" time="0.232" classname="cases.CheckBoxCase"/>
  <testcase name="checkBoxOneTwo" time="0.239" classname="cases.CheckBoxCase"/>
  <testcase name="checkBoxTwoThree" time="0.236" classname="cases.CheckBoxCase"/>
  <testcase name="intentionalFailcheckBox" time="0.233" classname="cases.CheckBoxCase">
    <failure type="java.lang.AssertionError">
      <![CDATA[java.lang.AssertionError
at org.junit.Assert.fail(Assert.java:86)
at org.junit.Assert.assertTrue(Assert.java:41)
at org.junit.Assert.assertTrue(Assert.java:52)
at cases.CheckBoxCase.intentionalFailcheckBox(CheckBoxCase.java:59)
at GrandpaBless.main(GrandpaBless.java:85)
... Removed 22 stack frames]]>
    </failure>
  </testcase> <!-- intentionalFailcheckBox -->
  <testcase name="intentionalFailTextField" time="0.262" classname="cases.TextFieldCase">
    <failure type="java.lang.AssertionError" message="expected [This should fail] but found [Please fail]">
      <![CDATA[java.lang.AssertionError: expected [This should fail] but found [Please fail]
at cases.TextFieldCase.intentionalFailTextField(TextFieldCase.java:31)
at GrandpaBless.main(GrandpaBless.java:85)
... Removed 28 stack frames]]>
    </failure>
  </testcase> <!-- intentionalFailTextField -->
  <testcase name="testTextField" time="0.233" classname="cases.TextFieldCase"/>
  <testcase name="@BeforeSuite beforeSuite" time="0.0" classname="cases.PapaBless">
    <ignored/>
  </testcase> <!-- @BeforeSuite beforeSuite -->
  <testcase name="@BeforeTest beforeTest" time="0.0" classname="cases.PapaBless">
    <ignored/>
  </testcase> <!-- @BeforeTest beforeTest -->
  <testcase name="@AfterSuite afterSuite" time="0.0" classname="cases.PapaBless">
    <ignored/>
  </testcase> <!-- @AfterSuite afterSuite -->
  <testcase name="@AfterTest afterTest" time="0.0" classname="cases.PapaBless">
    <ignored/>
  </testcase> <!-- @AfterTest afterTest -->
</testsuite> <!-- dynamic test 1 -->
