<?xml version="1.0" encoding="UTF-8"?>
<!-- Generated by org.testng.reporters.JUnitXMLReporter -->
<testsuite hostname="linux-ThinkPad-E460" ignored="4" name="dynamic test 1" tests="8" failures="2" timestamp="28 Jul 2018 23:47:08 GMT" time="14.27" errors="0">
  <testcase name="checkBoxAll" time="0.95" classname="cases.CheckBoxCase"/>
  <testcase name="checkBoxNone" time="0.067" classname="cases.CheckBoxCase"/>
  <testcase name="checkBoxOneThree" time="0.655" classname="cases.CheckBoxCase"/>
  <testcase name="checkBoxOneTwo" time="0.617" classname="cases.CheckBoxCase"/>
  <testcase name="checkBoxTwoThree" time="0.681" classname="cases.CheckBoxCase"/>
  <testcase name="intentionalFailcheckBox" time="0.643" classname="cases.CheckBoxCase">
    <failure type="java.lang.AssertionError">
      <![CDATA[java.lang.AssertionError
at org.junit.Assert.fail(Assert.java:86)
at org.junit.Assert.assertTrue(Assert.java:41)
at org.junit.Assert.assertTrue(Assert.java:52)
at cases.CheckBoxCase.intentionalFailcheckBox(CheckBoxCase.java:60)
at GrandpaBless.main(GrandpaBless.java:82)
... Removed 22 stack frames]]>
    </failure>
  </testcase> <!-- intentionalFailcheckBox -->
  <testcase name="intentionalFailTextField" time="0.186" classname="cases.TextFieldCase">
    <failure type="java.lang.AssertionError" message="expected [This should fail] but found [Please fail]">
      <![CDATA[java.lang.AssertionError: expected [This should fail] but found [Please fail]
at cases.TextFieldCase.intentionalFailTextField(TextFieldCase.java:31)
at GrandpaBless.main(GrandpaBless.java:82)
... Removed 28 stack frames]]>
    </failure>
  </testcase> <!-- intentionalFailTextField -->
  <testcase name="testTextField" time="0.228" classname="cases.TextFieldCase"/>
  <testcase name="@BeforeSuite beforeSuite" time="0.0" classname="cases.PapaBless">
    <ignored/>
  </testcase> <!-- @BeforeSuite beforeSuite -->
  <testcase name="@BeforeTest beforeTest" time="0.0" classname="cases.PapaBless">
    <ignored/>
  </testcase> <!-- @BeforeTest beforeTest -->
  <testcase name="@AfterSuite afterSuite" time="0.0" classname="cases.PapaBless">
    <ignored/>
  </testcase> <!-- @AfterSuite afterSuite -->
  <testcase name="@AfterTest afterTest" time="0.0" classname="cases.PapaBless">
    <ignored/>
  </testcase> <!-- @AfterTest afterTest -->
</testsuite> <!-- dynamic test 1 -->
