<?xml version="1.0" encoding="UTF-8"?>
<!-- Generated by org.testng.reporters.JUnitReportReporter -->
<testsuite skipped="32" hostname="linux-ThinkPad-E460" name="cases.RadioButtonCase" tests="64" failures="0" timestamp="04 Aug 2018 17:43:10 GMT" time="8.738" errors="8">
  <testcase name="radioChoiceC" time="0.341" classname="cases.RadioButtonCase"/>
  <testcase name="radioChoiceB" time="0.459" classname="cases.RadioButtonCase"/>
  <testcase name="radioDefault" time="0.208" classname="cases.RadioButtonCase"/>
  <testcase name="beforeMethod" time="0.001" classname="cases.RadioButtonCase">
    <error type="java.lang.NullPointerException">
      <![CDATA[java.lang.NullPointerException
at bricks.PapaBless.beforeMethod(PapaBless.java:393)
at sun.reflect.GeneratedMethodAccessor1.invoke(Unknown Source)
at sun.reflect.DelegatingMethodAccessorImpl.invoke(DelegatingMethodAccessorImpl.java:43)
at java.lang.reflect.Method.invoke(Method.java:498)
at org.testng.internal.MethodInvocationHelper.invokeMethod(MethodInvocationHelper.java:124)
at org.testng.internal.MethodInvocationHelper.invokeMethodConsideringTimeout(MethodInvocationHelper.java:59)
at org.testng.internal.Invoker.invokeConfigurationMethod(Invoker.java:455)
at org.testng.internal.Invoker.invokeConfigurations(Invoker.java:222)
at org.testng.internal.Invoker.invokeMethod(Invoker.java:520)
at org.testng.internal.Invoker.invokeTestMethod(Invoker.java:716)
at org.testng.internal.Invoker.invokeTestMethods(Invoker.java:988)
at org.testng.internal.TestMethodWorker.invokeTestMethods(TestMethodWorker.java:125)
at org.testng.internal.TestMethodWorker.run(TestMethodWorker.java:109)
at org.testng.TestRunner.privateRun(TestRunner.java:648)
at org.testng.TestRunner.run(TestRunner.java:505)
at org.testng.SuiteRunner.runTest(SuiteRunner.java:455)
at org.testng.SuiteRunner.runSequentially(SuiteRunner.java:450)
at org.testng.SuiteRunner.privateRun(SuiteRunner.java:415)
at org.testng.SuiteRunner.run(SuiteRunner.java:364)
at org.testng.SuiteRunnerWorker.runSuite(SuiteRunnerWorker.java:52)
at org.testng.SuiteRunnerWorker.run(SuiteRunnerWorker.java:84)
at org.testng.TestNG.runSuitesSequentially(TestNG.java:1208)
at org.testng.TestNG.runSuitesLocally(TestNG.java:1137)
at org.testng.TestNG.runSuites(TestNG.java:1049)
at org.testng.TestNG.run(TestNG.java:1017)
at GrandpaBless.main(GrandpaBless.java:81)
]]>
    </error>
  </testcase> <!-- beforeMethod -->
  <testcase name="radioChoiceA" time="0.000" classname="cases.RadioButtonCase">
    <skipped/>
  </testcase> <!-- radioChoiceA -->
  <testcase name="beforeMethod" time="0.000" classname="cases.RadioButtonCase">
    <error type="java.lang.NullPointerException">
      <![CDATA[java.lang.NullPointerException
at bricks.PapaBless.beforeMethod(PapaBless.java:393)
at sun.reflect.GeneratedMethodAccessor1.invoke(Unknown Source)
at sun.reflect.DelegatingMethodAccessorImpl.invoke(DelegatingMethodAccessorImpl.java:43)
at java.lang.reflect.Method.invoke(Method.java:498)
at org.testng.internal.MethodInvocationHelper.invokeMethod(MethodInvocationHelper.java:124)
at org.testng.internal.MethodInvocationHelper.invokeMethodConsideringTimeout(MethodInvocationHelper.java:59)
at org.testng.internal.Invoker.invokeConfigurationMethod(Invoker.java:455)
at org.testng.internal.Invoker.invokeConfigurations(Invoker.java:222)
at org.testng.internal.Invoker.invokeMethod(Invoker.java:520)
at org.testng.internal.Invoker.invokeTestMethod(Invoker.java:716)
at org.testng.internal.Invoker.invokeTestMethods(Invoker.java:988)
at org.testng.internal.TestMethodWorker.invokeTestMethods(TestMethodWorker.java:125)
at org.testng.internal.TestMethodWorker.run(TestMethodWorker.java:109)
at org.testng.TestRunner.privateRun(TestRunner.java:648)
at org.testng.TestRunner.run(TestRunner.java:505)
at org.testng.SuiteRunner.runTest(SuiteRunner.java:455)
at org.testng.SuiteRunner.runSequentially(SuiteRunner.java:450)
at org.testng.SuiteRunner.privateRun(SuiteRunner.java:415)
at org.testng.SuiteRunner.run(SuiteRunner.java:364)
at org.testng.SuiteRunnerWorker.runSuite(SuiteRunnerWorker.java:52)
at org.testng.SuiteRunnerWorker.run(SuiteRunnerWorker.java:84)
at org.testng.TestNG.runSuitesSequentially(TestNG.java:1208)
at org.testng.TestNG.runSuitesLocally(TestNG.java:1137)
at org.testng.TestNG.runSuites(TestNG.java:1049)
at org.testng.TestNG.run(TestNG.java:1017)
at GrandpaBless.main(GrandpaBless.java:81)
]]>
    </error>
  </testcase> <!-- beforeMethod -->
  <testcase name="radioChoiceC" time="0.000" classname="cases.RadioButtonCase">
    <skipped/>
  </testcase> <!-- radioChoiceC -->
  <testcase name="radioChoiceB" time="0.464" classname="cases.RadioButtonCase"/>
  <testcase name="radioDefault" time="0.175" classname="cases.RadioButtonCase"/>
  <testcase name="radioDefault" time="0.253" classname="cases.RadioButtonCase"/>
  <testcase name="beforeMethod" time="0.001" classname="cases.RadioButtonCase">
    <error type="java.lang.NullPointerException">
      <![CDATA[java.lang.NullPointerException
at bricks.PapaBless.beforeMethod(PapaBless.java:393)
at sun.reflect.GeneratedMethodAccessor1.invoke(Unknown Source)
at sun.reflect.DelegatingMethodAccessorImpl.invoke(DelegatingMethodAccessorImpl.java:43)
at java.lang.reflect.Method.invoke(Method.java:498)
at org.testng.internal.MethodInvocationHelper.invokeMethod(MethodInvocationHelper.java:124)
at org.testng.internal.MethodInvocationHelper.invokeMethodConsideringTimeout(MethodInvocationHelper.java:59)
at org.testng.internal.Invoker.invokeConfigurationMethod(Invoker.java:455)
at org.testng.internal.Invoker.invokeConfigurations(Invoker.java:222)
at org.testng.internal.Invoker.invokeMethod(Invoker.java:520)
at org.testng.internal.Invoker.invokeTestMethod(Invoker.java:716)
at org.testng.internal.Invoker.invokeTestMethods(Invoker.java:988)
at org.testng.internal.TestMethodWorker.invokeTestMethods(TestMethodWorker.java:125)
at org.testng.internal.TestMethodWorker.run(TestMethodWorker.java:109)
at org.testng.TestRunner.privateRun(TestRunner.java:648)
at org.testng.TestRunner.run(TestRunner.java:505)
at org.testng.SuiteRunner.runTest(SuiteRunner.java:455)
at org.testng.SuiteRunner.runSequentially(SuiteRunner.java:450)
at org.testng.SuiteRunner.privateRun(SuiteRunner.java:415)
at org.testng.SuiteRunner.run(SuiteRunner.java:364)
at org.testng.SuiteRunnerWorker.runSuite(SuiteRunnerWorker.java:52)
at org.testng.SuiteRunnerWorker.run(SuiteRunnerWorker.java:84)
at org.testng.TestNG.runSuitesSequentially(TestNG.java:1208)
at org.testng.TestNG.runSuitesLocally(TestNG.java:1137)
at org.testng.TestNG.runSuites(TestNG.java:1049)
at org.testng.TestNG.run(TestNG.java:1017)
at GrandpaBless.main(GrandpaBless.java:81)
]]>
    </error>
  </testcase> <!-- beforeMethod -->
  <testcase name="radioChoiceA" time="0.000" classname="cases.RadioButtonCase">
    <skipped/>
  </testcase> <!-- radioChoiceA -->
  <testcase name="radioChoiceA" time="0.000" classname="cases.RadioButtonCase">
    <skipped/>
  </testcase> <!-- radioChoiceA -->
  <testcase name="radioChoiceC" time="0.446" classname="cases.RadioButtonCase"/>
  <testcase name="radioChoiceA" time="0.463" classname="cases.RadioButtonCase"/>
  <testcase name="radioChoiceC" time="0.000" classname="cases.RadioButtonCase">
    <skipped/>
  </testcase> <!-- radioChoiceC -->
  <testcase name="radioChoiceA" time="0.000" classname="cases.RadioButtonCase">
    <skipped/>
  </testcase> <!-- radioChoiceA -->
  <testcase name="radioChoiceB" time="0.466" classname="cases.RadioButtonCase"/>
  <testcase name="radioChoiceB" time="0.424" classname="cases.RadioButtonCase"/>
  <testcase name="radioChoiceC" time="0.000" classname="cases.RadioButtonCase">
    <skipped/>
  </testcase> <!-- radioChoiceC -->
  <testcase name="radioChoiceC" time="0.467" classname="cases.RadioButtonCase"/>
  <testcase name="radioChoiceB" time="0.000" classname="cases.RadioButtonCase">
    <skipped/>
  </testcase> <!-- radioChoiceB -->
  <testcase name="radioDefault" time="0.000" classname="cases.RadioButtonCase">
    <skipped/>
  </testcase> <!-- radioDefault -->
  <testcase name="radioDefault" time="0.000" classname="cases.RadioButtonCase">
    <skipped/>
  </testcase> <!-- radioDefault -->
  <testcase name="radioChoiceA" time="0.000" classname="cases.RadioButtonCase">
    <skipped/>
  </testcase> <!-- radioChoiceA -->
  <testcase name="radioDefault" time="0.220" classname="cases.RadioButtonCase"/>
  <testcase name="radioDefault" time="0.224" classname="cases.RadioButtonCase"/>
  <testcase name="radioChoiceB" time="0.000" classname="cases.RadioButtonCase">
    <skipped/>
  </testcase> <!-- radioChoiceB -->
  <testcase name="radioDefault" time="0.000" classname="cases.RadioButtonCase">
    <skipped/>
  </testcase> <!-- radioDefault -->
  <testcase name="radioDefault" time="0.276" classname="cases.RadioButtonCase"/>
  <testcase name="radioChoiceC" time="0.000" classname="cases.RadioButtonCase">
    <skipped/>
  </testcase> <!-- radioChoiceC -->
  <testcase name="radioChoiceC" time="0.000" classname="cases.RadioButtonCase">
    <skipped/>
  </testcase> <!-- radioChoiceC -->
  <testcase name="radioChoiceA" time="0.490" classname="cases.RadioButtonCase"/>
  <testcase name="radioChoiceC" time="0.000" classname="cases.RadioButtonCase">
    <skipped/>
  </testcase> <!-- radioChoiceC -->
  <testcase name="beforeMethod" time="0.000" classname="cases.RadioButtonCase">
    <error type="java.lang.NullPointerException">
      <![CDATA[java.lang.NullPointerException
at bricks.PapaBless.beforeMethod(PapaBless.java:393)
at sun.reflect.GeneratedMethodAccessor1.invoke(Unknown Source)
at sun.reflect.DelegatingMethodAccessorImpl.invoke(DelegatingMethodAccessorImpl.java:43)
at java.lang.reflect.Method.invoke(Method.java:498)
at org.testng.internal.MethodInvocationHelper.invokeMethod(MethodInvocationHelper.java:124)
at org.testng.internal.MethodInvocationHelper.invokeMethodConsideringTimeout(MethodInvocationHelper.java:59)
at org.testng.internal.Invoker.invokeConfigurationMethod(Invoker.java:455)
at org.testng.internal.Invoker.invokeConfigurations(Invoker.java:222)
at org.testng.internal.Invoker.invokeMethod(Invoker.java:520)
at org.testng.internal.Invoker.invokeTestMethod(Invoker.java:716)
at org.testng.internal.Invoker.invokeTestMethods(Invoker.java:988)
at org.testng.internal.TestMethodWorker.invokeTestMethods(TestMethodWorker.java:125)
at org.testng.internal.TestMethodWorker.run(TestMethodWorker.java:109)
at org.testng.TestRunner.privateRun(TestRunner.java:648)
at org.testng.TestRunner.run(TestRunner.java:505)
at org.testng.SuiteRunner.runTest(SuiteRunner.java:455)
at org.testng.SuiteRunner.runSequentially(SuiteRunner.java:450)
at org.testng.SuiteRunner.privateRun(SuiteRunner.java:415)
at org.testng.SuiteRunner.run(SuiteRunner.java:364)
at org.testng.SuiteRunnerWorker.runSuite(SuiteRunnerWorker.java:52)
at org.testng.SuiteRunnerWorker.run(SuiteRunnerWorker.java:84)
at org.testng.TestNG.runSuitesSequentially(TestNG.java:1208)
at org.testng.TestNG.runSuitesLocally(TestNG.java:1137)
at org.testng.TestNG.runSuites(TestNG.java:1049)
at org.testng.TestNG.run(TestNG.java:1017)
at GrandpaBless.main(GrandpaBless.java:81)
]]>
    </error>
  </testcase> <!-- beforeMethod -->
  <testcase name="radioDefault" time="0.000" classname="cases.RadioButtonCase">
    <skipped/>
  </testcase> <!-- radioDefault -->
  <testcase name="radioChoiceA" time="0.000" classname="cases.RadioButtonCase">
    <skipped/>
  </testcase> <!-- radioChoiceA -->
  <testcase name="beforeMethod" time="0.000" classname="cases.RadioButtonCase">
    <error type="java.lang.NullPointerException">
      <![CDATA[java.lang.NullPointerException
at bricks.PapaBless.beforeMethod(PapaBless.java:393)
at sun.reflect.GeneratedMethodAccessor1.invoke(Unknown Source)
at sun.reflect.DelegatingMethodAccessorImpl.invoke(DelegatingMethodAccessorImpl.java:43)
at java.lang.reflect.Method.invoke(Method.java:498)
at org.testng.internal.MethodInvocationHelper.invokeMethod(MethodInvocationHelper.java:124)
at org.testng.internal.MethodInvocationHelper.invokeMethodConsideringTimeout(MethodInvocationHelper.java:59)
at org.testng.internal.Invoker.invokeConfigurationMethod(Invoker.java:455)
at org.testng.internal.Invoker.invokeConfigurations(Invoker.java:222)
at org.testng.internal.Invoker.invokeMethod(Invoker.java:520)
at org.testng.internal.Invoker.invokeTestMethod(Invoker.java:716)
at org.testng.internal.Invoker.invokeTestMethods(Invoker.java:988)
at org.testng.internal.TestMethodWorker.invokeTestMethods(TestMethodWorker.java:125)
at org.testng.internal.TestMethodWorker.run(TestMethodWorker.java:109)
at org.testng.TestRunner.privateRun(TestRunner.java:648)
at org.testng.TestRunner.run(TestRunner.java:505)
at org.testng.SuiteRunner.runTest(SuiteRunner.java:455)
at org.testng.SuiteRunner.runSequentially(SuiteRunner.java:450)
at org.testng.SuiteRunner.privateRun(SuiteRunner.java:415)
at org.testng.SuiteRunner.run(SuiteRunner.java:364)
at org.testng.SuiteRunnerWorker.runSuite(SuiteRunnerWorker.java:52)
at org.testng.SuiteRunnerWorker.run(SuiteRunnerWorker.java:84)
at org.testng.TestNG.runSuitesSequentially(TestNG.java:1208)
at org.testng.TestNG.runSuitesLocally(TestNG.java:1137)
at org.testng.TestNG.runSuites(TestNG.java:1049)
at org.testng.TestNG.run(TestNG.java:1017)
at GrandpaBless.main(GrandpaBless.java:81)
]]>
    </error>
  </testcase> <!-- beforeMethod -->
  <testcase name="radioDefault" time="0.000" classname="cases.RadioButtonCase">
    <skipped/>
  </testcase> <!-- radioDefault -->
  <testcase name="radioChoiceB" time="0.000" classname="cases.RadioButtonCase">
    <skipped/>
  </testcase> <!-- radioChoiceB -->
  <testcase name="radioChoiceB" time="0.290" classname="cases.RadioButtonCase"/>
  <testcase name="beforeMethod" time="0.000" classname="cases.RadioButtonCase">
    <error type="java.lang.NullPointerException">
      <![CDATA[java.lang.NullPointerException
at bricks.PapaBless.beforeMethod(PapaBless.java:393)
at sun.reflect.GeneratedMethodAccessor1.invoke(Unknown Source)
at sun.reflect.DelegatingMethodAccessorImpl.invoke(DelegatingMethodAccessorImpl.java:43)
at java.lang.reflect.Method.invoke(Method.java:498)
at org.testng.internal.MethodInvocationHelper.invokeMethod(MethodInvocationHelper.java:124)
at org.testng.internal.MethodInvocationHelper.invokeMethodConsideringTimeout(MethodInvocationHelper.java:59)
at org.testng.internal.Invoker.invokeConfigurationMethod(Invoker.java:455)
at org.testng.internal.Invoker.invokeConfigurations(Invoker.java:222)
at org.testng.internal.Invoker.invokeMethod(Invoker.java:520)
at org.testng.internal.Invoker.invokeTestMethod(Invoker.java:716)
at org.testng.internal.Invoker.invokeTestMethods(Invoker.java:988)
at org.testng.internal.TestMethodWorker.invokeTestMethods(TestMethodWorker.java:125)
at org.testng.internal.TestMethodWorker.run(TestMethodWorker.java:109)
at org.testng.TestRunner.privateRun(TestRunner.java:648)
at org.testng.TestRunner.run(TestRunner.java:505)
at org.testng.SuiteRunner.runTest(SuiteRunner.java:455)
at org.testng.SuiteRunner.runSequentially(SuiteRunner.java:450)
at org.testng.SuiteRunner.privateRun(SuiteRunner.java:415)
at org.testng.SuiteRunner.run(SuiteRunner.java:364)
at org.testng.SuiteRunnerWorker.runSuite(SuiteRunnerWorker.java:52)
at org.testng.SuiteRunnerWorker.run(SuiteRunnerWorker.java:84)
at org.testng.TestNG.runSuitesSequentially(TestNG.java:1208)
at org.testng.TestNG.runSuitesLocally(TestNG.java:1137)
at org.testng.TestNG.runSuites(TestNG.java:1049)
at org.testng.TestNG.run(TestNG.java:1017)
at GrandpaBless.main(GrandpaBless.java:81)
]]>
    </error>
  </testcase> <!-- beforeMethod -->
  <testcase name="radioChoiceC" time="0.000" classname="cases.RadioButtonCase">
    <skipped/>
  </testcase> <!-- radioChoiceC -->
  <testcase name="radioChoiceB" time="0.000" classname="cases.RadioButtonCase">
    <skipped/>
  </testcase> <!-- radioChoiceB -->
  <testcase name="radioChoiceB" time="0.272" classname="cases.RadioButtonCase"/>
  <testcase name="radioChoiceB" time="0.000" classname="cases.RadioButtonCase">
    <skipped/>
  </testcase> <!-- radioChoiceB -->
  <testcase name="radioDefault" time="0.000" classname="cases.RadioButtonCase">
    <skipped/>
  </testcase> <!-- radioDefault -->
  <testcase name="radioChoiceB" time="0.000" classname="cases.RadioButtonCase">
    <skipped/>
  </testcase> <!-- radioChoiceB -->
  <testcase name="beforeMethod" time="0.000" classname="cases.RadioButtonCase">
    <error type="java.lang.NullPointerException">
      <![CDATA[java.lang.NullPointerException
at bricks.PapaBless.beforeMethod(PapaBless.java:393)
at sun.reflect.GeneratedMethodAccessor1.invoke(Unknown Source)
at sun.reflect.DelegatingMethodAccessorImpl.invoke(DelegatingMethodAccessorImpl.java:43)
at java.lang.reflect.Method.invoke(Method.java:498)
at org.testng.internal.MethodInvocationHelper.invokeMethod(MethodInvocationHelper.java:124)
at org.testng.internal.MethodInvocationHelper.invokeMethodConsideringTimeout(MethodInvocationHelper.java:59)
at org.testng.internal.Invoker.invokeConfigurationMethod(Invoker.java:455)
at org.testng.internal.Invoker.invokeConfigurations(Invoker.java:222)
at org.testng.internal.Invoker.invokeMethod(Invoker.java:520)
at org.testng.internal.Invoker.invokeTestMethod(Invoker.java:716)
at org.testng.internal.Invoker.invokeTestMethods(Invoker.java:988)
at org.testng.internal.TestMethodWorker.invokeTestMethods(TestMethodWorker.java:125)
at org.testng.internal.TestMethodWorker.run(TestMethodWorker.java:109)
at org.testng.TestRunner.privateRun(TestRunner.java:648)
at org.testng.TestRunner.run(TestRunner.java:505)
at org.testng.SuiteRunner.runTest(SuiteRunner.java:455)
at org.testng.SuiteRunner.runSequentially(SuiteRunner.java:450)
at org.testng.SuiteRunner.privateRun(SuiteRunner.java:415)
at org.testng.SuiteRunner.run(SuiteRunner.java:364)
at org.testng.SuiteRunnerWorker.runSuite(SuiteRunnerWorker.java:52)
at org.testng.SuiteRunnerWorker.run(SuiteRunnerWorker.java:84)
at org.testng.TestNG.runSuitesSequentially(TestNG.java:1208)
at org.testng.TestNG.runSuitesLocally(TestNG.java:1137)
at org.testng.TestNG.runSuites(TestNG.java:1049)
at org.testng.TestNG.run(TestNG.java:1017)
at GrandpaBless.main(GrandpaBless.java:81)
]]>
    </error>
  </testcase> <!-- beforeMethod -->
  <testcase name="radioChoiceC" time="0.478" classname="cases.RadioButtonCase"/>
  <testcase name="radioChoiceA" time="0.466" classname="cases.RadioButtonCase"/>
  <testcase name="radioChoiceA" time="0.000" classname="cases.RadioButtonCase">
    <skipped/>
  </testcase> <!-- radioChoiceA -->
  <testcase name="radioDefault" time="0.000" classname="cases.RadioButtonCase">
    <skipped/>
  </testcase> <!-- radioDefault -->
  <testcase name="radioChoiceC" time="0.284" classname="cases.RadioButtonCase"/>
  <testcase name="beforeMethod" time="0.000" classname="cases.RadioButtonCase">
    <error type="java.lang.NullPointerException">
      <![CDATA[java.lang.NullPointerException
at bricks.PapaBless.beforeMethod(PapaBless.java:393)
at sun.reflect.GeneratedMethodAccessor1.invoke(Unknown Source)
at sun.reflect.DelegatingMethodAccessorImpl.invoke(DelegatingMethodAccessorImpl.java:43)
at java.lang.reflect.Method.invoke(Method.java:498)
at org.testng.internal.MethodInvocationHelper.invokeMethod(MethodInvocationHelper.java:124)
at org.testng.internal.MethodInvocationHelper.invokeMethodConsideringTimeout(MethodInvocationHelper.java:59)
at org.testng.internal.Invoker.invokeConfigurationMethod(Invoker.java:455)
at org.testng.internal.Invoker.invokeConfigurations(Invoker.java:222)
at org.testng.internal.Invoker.invokeMethod(Invoker.java:520)
at org.testng.internal.Invoker.invokeTestMethod(Invoker.java:716)
at org.testng.internal.Invoker.invokeTestMethods(Invoker.java:988)
at org.testng.internal.TestMethodWorker.invokeTestMethods(TestMethodWorker.java:125)
at org.testng.internal.TestMethodWorker.run(TestMethodWorker.java:109)
at org.testng.TestRunner.privateRun(TestRunner.java:648)
at org.testng.TestRunner.run(TestRunner.java:505)
at org.testng.SuiteRunner.runTest(SuiteRunner.java:455)
at org.testng.SuiteRunner.runSequentially(SuiteRunner.java:450)
at org.testng.SuiteRunner.privateRun(SuiteRunner.java:415)
at org.testng.SuiteRunner.run(SuiteRunner.java:364)
at org.testng.SuiteRunnerWorker.runSuite(SuiteRunnerWorker.java:52)
at org.testng.SuiteRunnerWorker.run(SuiteRunnerWorker.java:84)
at org.testng.TestNG.runSuitesSequentially(TestNG.java:1208)
at org.testng.TestNG.runSuitesLocally(TestNG.java:1137)
at org.testng.TestNG.runSuites(TestNG.java:1049)
at org.testng.TestNG.run(TestNG.java:1017)
at GrandpaBless.main(GrandpaBless.java:81)
]]>
    </error>
  </testcase> <!-- beforeMethod -->
  <testcase name="radioChoiceA" time="0.316" classname="cases.RadioButtonCase"/>
  <testcase name="radioChoiceC" time="0.453" classname="cases.RadioButtonCase"/>
  <testcase name="radioChoiceA" time="0.000" classname="cases.RadioButtonCase">
    <skipped/>
  </testcase> <!-- radioChoiceA -->
  <testcase name="radioChoiceA" time="0.307" classname="cases.RadioButtonCase"/>
  <testcase name="radioDefault" time="0.000" classname="cases.RadioButtonCase">
    <skipped/>
  </testcase> <!-- radioDefault -->
  <testcase name="radioChoiceA" time="0.494" classname="cases.RadioButtonCase"/>
  <testcase name="radioChoiceC" time="0.000" classname="cases.RadioButtonCase">
    <skipped/>
  </testcase> <!-- radioChoiceC -->
  <testcase name="radioChoiceB" time="0.000" classname="cases.RadioButtonCase">
    <skipped/>
  </testcase> <!-- radioChoiceB -->
  <testcase name="radioChoiceB" time="0.000" classname="cases.RadioButtonCase">
    <skipped/>
  </testcase> <!-- radioChoiceB -->
</testsuite> <!-- cases.RadioButtonCase -->
